IMLib/build/intermediates/manifest_merge_blame_file/debug/manifest-merger-blame-debug-report.txt
1<?xml version="1.0" encoding="utf-8"?>
2<manifest xmlns:android="http://schemas.android.com/apk/res/android"
3    package="io.rong.libcore"
4    android:versionCode="20220128"
5    android:versionName="5.1.3.10" >
6
7    <uses-sdk
8        android:minSdkVersion="19"
8-->hellohi\IMLib\AndroidManifest.xml
9        android:targetSdkVersion="30" />
9-->hellohi\IMLib\AndroidManifest.xml
10
11    <!-- 保存图片，拍照等 -->
12    <uses-permission android:name="android.permission.WRITE_EXTERNAL_STORAGE" />
12-->hellohi\IMLib\AndroidManifest.xml:5:5-81
12-->hellohi\IMLib\AndroidManifest.xml:5:22-78
13    <uses-permission android:name="android.permission.READ_EXTERNAL_STORAGE" />
13-->hellohi\IMLib\AndroidManifest.xml:6:5-80
13-->hellohi\IMLib\AndroidManifest.xml:6:22-77
14    <!-- 网络 -->
15    <uses-permission android:name="android.permission.INTERNET" />
15-->hellohi\IMLib\AndroidManifest.xml:8:5-67
15-->hellohi\IMLib\AndroidManifest.xml:8:22-64
16    <uses-permission android:name="android.permission.ACCESS_NETWORK_STATE" />
16-->hellohi\IMLib\AndroidManifest.xml:9:5-79
16-->hellohi\IMLib\AndroidManifest.xml:9:22-76
17    <uses-permission android:name="android.permission.ACCESS_WIFI_STATE" />
17-->hellohi\IMLib\AndroidManifest.xml:10:5-76
17-->hellohi\IMLib\AndroidManifest.xml:10:22-73
18    <!-- 消息通道保活 -->
19    <uses-permission android:name="android.permission.WAKE_LOCK" />
19-->hellohi\IMLib\AndroidManifest.xml:12:5-68
19-->hellohi\IMLib\AndroidManifest.xml:12:22-65
20    <!-- 定位，如果您需要定位相关的功能，可以打开以下注释 -->
21    <!-- <uses-permission android:name="android.permission.ACCESS_FINE_LOCATION" /> -->
22
23    <uses-permission android:name="${applicationId}.permission.RONG_ACCESS_RECEIVER" />
23-->hellohi\IMLib\AndroidManifest.xml:16:5-88
23-->hellohi\IMLib\AndroidManifest.xml:16:22-85
24
25    <!-- 融云自定义接收广播权限，用于广播接收 -->
26    <permission
26-->hellohi\IMLib\AndroidManifest.xml:19:5-22:18
27        android:name="${applicationId}.permission.RONG_ACCESS_RECEIVER"
27-->hellohi\IMLib\AndroidManifest.xml:20:9-72
28        android:protectionLevel="signature" >
28-->hellohi\IMLib\AndroidManifest.xml:21:9-44
29    </permission>
30
31    <application>
31-->hellohi\IMLib\AndroidManifest.xml:24:5-76:19
32
33        <!-- imlib config begin -->
34        <service
34-->hellohi\IMLib\AndroidManifest.xml:27:9-29:38
35            android:name="io.rong.imlib.ipc.RongService"
35-->hellohi\IMLib\AndroidManifest.xml:28:13-57
36            android:process=":ipc" />
36-->hellohi\IMLib\AndroidManifest.xml:29:13-35
37
38        <receiver android:name="io.rong.imlib.ConnectChangeReceiver" />
38-->hellohi\IMLib\AndroidManifest.xml:31:9-72
38-->hellohi\IMLib\AndroidManifest.xml:31:19-69
39        <receiver
39-->hellohi\IMLib\AndroidManifest.xml:33:9-35:38
40            android:name="io.rong.imlib.HeartbeatReceiver"
40-->hellohi\IMLib\AndroidManifest.xml:34:13-59
41            android:process=":ipc" />
41-->hellohi\IMLib\AndroidManifest.xml:35:13-35
42        <!-- imlib config end -->
43
44
45        <!-- 必选： SDK 核心功能 -->
46        <service
46-->hellohi\IMLib\AndroidManifest.xml:39:9-43:46
47            android:name="io.rong.push.rongpush.PushService"
47-->hellohi\IMLib\AndroidManifest.xml:40:13-61
48            android:exported="true"
48-->hellohi\IMLib\AndroidManifest.xml:41:13-36
49            android:permission="android.permission.BIND_JOB_SERVICE"
49-->hellohi\IMLib\AndroidManifest.xml:42:13-69
50            android:process="io.rong.push" />
50-->hellohi\IMLib\AndroidManifest.xml:43:13-43
51
52        <!-- push 相关事件接收器 -->
53        <receiver
53-->hellohi\IMLib\AndroidManifest.xml:46:9-61:20
54            android:name="io.rong.push.rongpush.PushReceiver"
54-->hellohi\IMLib\AndroidManifest.xml:47:13-62
55            android:process="io.rong.push" > <!-- 此处进程可以改名，名称需要和PushService所在进程统一 -->
55-->hellohi\IMLib\AndroidManifest.xml:48:13-43
56            <!-- 心跳事件和网络切换事件监听,必须 -->
57            <intent-filter>
57-->hellohi\IMLib\AndroidManifest.xml:50:13-53:29
58                <action android:name="io.rong.push.intent.action.HEART_BEAT" />
58-->hellohi\IMLib\AndroidManifest.xml:51:17-80
58-->hellohi\IMLib\AndroidManifest.xml:51:25-77
59                <action android:name="android.net.conn.CONNECTIVITY_CHANGE" />
59-->hellohi\IMLib\AndroidManifest.xml:52:17-79
59-->hellohi\IMLib\AndroidManifest.xml:52:25-76
60            </intent-filter>
61
62            <!-- 部分用户事件监听, 用来提高推送拉活率; 可移除 -->
63            <intent-filter>
63-->hellohi\IMLib\AndroidManifest.xml:56:13-60:29
64                <action android:name="android.intent.action.USER_PRESENT" />
64-->hellohi\IMLib\AndroidManifest.xml:57:17-77
64-->hellohi\IMLib\AndroidManifest.xml:57:25-74
65                <action android:name="android.intent.action.ACTION_POWER_CONNECTED" />
65-->hellohi\IMLib\AndroidManifest.xml:58:17-87
65-->hellohi\IMLib\AndroidManifest.xml:58:25-84
66                <action android:name="android.intent.action.ACTION_POWER_DISCONNECTED" />
66-->hellohi\IMLib\AndroidManifest.xml:59:17-90
66-->hellohi\IMLib\AndroidManifest.xml:59:25-87
67            </intent-filter>
68        </receiver>
69
70        <!-- <receiver -->
71        <!-- android:name="io.rong.push.notification.PushMessageReceiver" -->
72        <!-- android:exported="false"> -->
73        <!-- <intent-filter> -->
74        <!-- <action android:name="io.rong.push.intent.MESSAGE_ARRIVED" /> -->
75        <!-- <action android:name="io.rong.push.intent.MESSAGE_CLICKED" /> -->
76        <!-- <action android:name="io.rong.push.intent.THIRD_PARTY_PUSH_STATE" /> -->
77        <!-- </intent-filter> -->
78        <!-- </receiver> -->
79
80
81        <!-- 必选： SDK 核心功能 -->
82
83
84        <!-- end -->
85    </application>
86
87</manifest>